2021-07-28T01:12:07+0000 django.server INFO "POST /slack HTTP/1.1" 200 53
2021-07-28T01:16:35+0000 django.server ERROR "POST /slack HTTP/1.1" 500 20308
2021-07-28T01:17:15+0000 django.server ERROR "POST /slack HTTP/1.1" 500 20307
2021-07-28T01:20:21+0000 django.server INFO "POST /slack HTTP/1.1" 200 53
2021-07-28T01:26:16+0000 django.server INFO "POST /slack HTTP/1.1" 200 53
2021-07-28T02:06:38+0000 django.server WARNING "GET / HTTP/1.1" 404 2867
2021-07-28T02:06:42+0000 django.server INFO "GET /admin/ HTTP/1.1" 302 0
2021-07-28T02:06:42+0000 django.server INFO "GET /admin/login/?next=/admin/ HTTP/1.1" 200 2214
2021-07-28T02:06:42+0000 django.server INFO "GET /static/admin/css/responsive.css HTTP/1.1" 200 18545
2021-07-28T02:06:42+0000 django.server INFO "GET /static/admin/css/nav_sidebar.css HTTP/1.1" 200 2271
2021-07-28T02:06:42+0000 django.server INFO "GET /static/admin/js/nav_sidebar.js HTTP/1.1" 200 1360
2021-07-28T02:06:42+0000 django.server INFO "GET /static/admin/css/login.css HTTP/1.1" 200 939
2021-07-28T02:06:42+0000 django.server INFO "GET /static/admin/css/base.css HTTP/1.1" 200 19513
2021-07-28T02:06:42+0000 django.server INFO "GET /admin/ HTTP/1.1" 302 0
2021-07-28T02:06:42+0000 django.server INFO "GET /admin/login/?next=/admin/ HTTP/1.1" 200 2214
2021-07-28T02:06:43+0000 django.server INFO "GET /static/admin/css/fonts.css HTTP/1.1" 200 423
2021-07-28T02:06:43+0000 django.server INFO "GET /static/admin/fonts/Roboto-Regular-webfont.woff HTTP/1.1" 200 85876
2021-07-28T02:06:43+0000 django.server INFO "GET /static/admin/fonts/Roboto-Light-webfont.woff HTTP/1.1" 200 85692
2021-07-28T02:06:49+0000 django.server INFO "POST /admin/login/?next=/admin/ HTTP/1.1" 200 2380
2021-07-28T02:06:49+0000 django.server INFO "GET /static/admin/fonts/Roboto-Bold-webfont.woff HTTP/1.1" 200 86184
2021-07-28T02:06:57+0000 django.server INFO "POST /admin/login/?next=/admin/ HTTP/1.1" 200 2385
2021-07-28T02:07:03+0000 django.server INFO "POST /admin/login/?next=/admin/ HTTP/1.1" 200 2380
2021-07-28T02:07:09+0000 django.server INFO "POST /admin/login/?next=/admin/ HTTP/1.1" 200 2380
2021-07-28T02:07:19+0000 django.server INFO "POST /admin/login/?next=/admin/ HTTP/1.1" 200 2380
2021-07-28T02:08:05+0000 django.server INFO "POST /admin/login/?next=/admin/ HTTP/1.1" 302 0
2021-07-28T02:08:05+0000 django.server INFO "GET /admin/ HTTP/1.1" 200 5438
2021-07-28T02:08:05+0000 django.server INFO "GET /static/admin/css/dashboard.css HTTP/1.1" 200 380
2021-07-28T02:08:05+0000 django.server INFO "GET /static/admin/img/icon-addlink.svg HTTP/1.1" 200 331
2021-07-28T02:08:05+0000 django.server INFO "GET /static/admin/img/icon-changelink.svg HTTP/1.1" 200 380
2021-07-28T02:08:07+0000 django.server INFO "GET /admin/notification/slackmodel/ HTTP/1.1" 200 8822
2021-07-28T02:08:07+0000 django.server INFO "GET /static/admin/css/changelists.css HTTP/1.1" 200 6874
2021-07-28T02:08:07+0000 django.server INFO "GET /static/admin/js/admin/RelatedObjectLookups.js HTTP/1.1" 200 5984
2021-07-28T02:08:07+0000 django.server INFO "GET /static/admin/js/core.js HTTP/1.1" 200 5698
2021-07-28T02:08:07+0000 django.server INFO "GET /static/admin/js/actions.js HTTP/1.1" 200 7664
2021-07-28T02:08:07+0000 django.server INFO "GET /static/admin/js/urlify.js HTTP/1.1" 200 7902
2021-07-28T02:08:07+0000 django.server INFO "GET /static/admin/js/jquery.init.js HTTP/1.1" 200 347
2021-07-28T02:08:07+0000 django.server INFO "GET /static/admin/js/prepopulate.js HTTP/1.1" 200 1531
2021-07-28T02:08:07+0000 django.server INFO "GET /admin/jsi18n/ HTTP/1.1" 200 3195
2021-07-28T02:08:07+0000 django.server INFO "GET /static/admin/js/vendor/jquery/jquery.js HTTP/1.1" 200 287630
2021-07-28T02:08:07+0000 django.server INFO "GET /static/admin/js/vendor/xregexp/xregexp.js HTTP/1.1" 200 232381
2021-07-28T02:08:07+0000 django.server INFO "GET /static/admin/img/tooltag-add.svg HTTP/1.1" 200 331
2021-07-28T02:08:10+0000 django.server INFO "GET /admin/notification/slackmodel/8/change/ HTTP/1.1" 200 7807
2021-07-28T02:08:10+0000 django.server INFO "GET /static/admin/js/prepopulate_init.js HTTP/1.1" 200 492
2021-07-28T02:08:10+0000 django.server INFO "GET /static/admin/css/forms.css HTTP/1.1" 200 8804
2021-07-28T02:08:10+0000 django.server INFO "GET /admin/jsi18n/ HTTP/1.1" 200 3195
2021-07-28T02:08:10+0000 django.server INFO "GET /static/admin/css/widgets.css HTTP/1.1" 200 11097
2021-07-28T02:08:10+0000 django.server INFO "GET /static/admin/js/change_form.js HTTP/1.1" 200 606
2021-07-28T02:08:51+0000 django.server WARNING "GET /3pns HTTP/1.1" 404 2897
2021-07-28T02:08:55+0000 django.server INFO "GET /epns/ HTTP/1.1" 200 2459
2021-07-28T02:08:55+0000 django.server INFO "GET /epns/?format=openapi HTTP/1.1" 200 2654
2021-07-28T02:09:09+0000 django.server INFO "POST /telegram HTTP/1.1" 200 56
